La génération a démarré 11/11/2013 15:38:15.
     1>Projet "C:\Users\User\Documents\GitHub\esir3-inpainting\Inpainting\Inpainting\Inpainting.vcxproj" sur le nœud 2 (Build cible(s)).
     1>ClCompile:
         c:\Program Files (x86)\Microsoft Visual Studio 10.0\VC\bin\CL.exe /c /I"C:\Users\User\Documents\GitHub\esir3-inpainting\Inpainting\dependencies\opencv\include\opencv2\\" /ZI /nologo /W3 /WX- /Od /Oy- /D WIN32 /D _DEBUG /D _CONSOLE /D _UNICODE /D UNICODE /Gm /EHsc /RTC1 /MDd /GS /fp:precise /Zc:wchar_t /Zc:forScope /Fo"Debug\\" /Fd"Debug\vc100.pdb" /Gd /TP /analyze- /errorReport:prompt main.cpp
         main.cpp
       ManifestResourceCompile:
         C:\Program Files (x86)\Microsoft SDKs\Windows\v7.0A\bin\rc.exe /nologo /fo"Debug\Inpainting.exe.embed.manifest.res" Debug\Inpainting_manifest.rc 
       Link:
         c:\Program Files (x86)\Microsoft Visual Studio 10.0\VC\bin\link.exe /ERRORREPORT:PROMPT /OUT:"C:\Users\User\Documents\GitHub\esir3-inpainting\Inpainting\Debug\Inpainting.exe" /INCREMENTAL /NOLOGO /LIBPATH:"C:\Users\User\Documents\GitHub\esir3-inpainting\Inpainting\dependencies\opencv\lib\\" kernel32.lib user32.lib gdi32.lib winspool.lib comdlg32.lib advapi32.lib shell32.lib ole32.lib oleaut32.lib uuid.lib odbc32.lib odbccp32.lib /MANIFEST /ManifestFile:"Debug\Inpainting.exe.intermediate.manifest" /MANIFESTUAC:"level='asInvoker' uiAccess='false'" /DEBUG /PDB:"C:\Users\User\Documents\GitHub\esir3-inpainting\Inpainting\Debug\Inpainting.pdb" /SUBSYSTEM:CONSOLE /TLBID:1 /DYNAMICBASE /NXCOMPAT /IMPLIB:"C:\Users\User\Documents\GitHub\esir3-inpainting\Inpainting\Debug\Inpainting.lib" /MACHINE:X86 Debug\Inpainting.exe.embed.manifest.res
         Debug\main.obj
       Manifest:
         C:\Program Files (x86)\Microsoft SDKs\Windows\v7.0A\bin\mt.exe /nologo /verbose /out:"Debug\Inpainting.exe.embed.manifest" /manifest Debug\Inpainting.exe.intermediate.manifest
         C:\Program Files (x86)\Microsoft SDKs\Windows\v7.0A\bin\rc.exe /nologo /fo"Debug\Inpainting.exe.embed.manifest.res" Debug\Inpainting_manifest.rc 
       LinkEmbedManifest:
         c:\Program Files (x86)\Microsoft Visual Studio 10.0\VC\bin\link.exe /ERRORREPORT:PROMPT /OUT:"C:\Users\User\Documents\GitHub\esir3-inpainting\Inpainting\Debug\Inpainting.exe" /INCREMENTAL /NOLOGO /LIBPATH:"C:\Users\User\Documents\GitHub\esir3-inpainting\Inpainting\dependencies\opencv\lib\\" kernel32.lib user32.lib gdi32.lib winspool.lib comdlg32.lib advapi32.lib shell32.lib ole32.lib oleaut32.lib uuid.lib odbc32.lib odbccp32.lib /MANIFEST /ManifestFile:"Debug\Inpainting.exe.intermediate.manifest" /MANIFESTUAC:"level='asInvoker' uiAccess='false'" /DEBUG /PDB:"C:\Users\User\Documents\GitHub\esir3-inpainting\Inpainting\Debug\Inpainting.pdb" /SUBSYSTEM:CONSOLE /TLBID:1 /DYNAMICBASE /NXCOMPAT /IMPLIB:"C:\Users\User\Documents\GitHub\esir3-inpainting\Inpainting\Debug\Inpainting.lib" /MACHINE:X86 Debug\Inpainting.exe.embed.manifest.res
         Debug\main.obj
         Inpainting.vcxproj -> C:\Users\User\Documents\GitHub\esir3-inpainting\Inpainting\Debug\Inpainting.exe
     1>Génération du projet "C:\Users\User\Documents\GitHub\esir3-inpainting\Inpainting\Inpainting\Inpainting.vcxproj" terminée (Build cible(s)).

La génération a réussi.

Temps écoulé 00:00:06.30
